<?xml version="1.0" encoding="UTF-8"?>
<!-- Generated by org.testng.reporters.JUnitReportReporter -->
<testsuite hostname="RAYAN" failures="0" tests="1" name="TestRunner.runner" time="4.153" errors="0" timestamp="2023-09-12T15:29:30 EDT" skipped="0">
  <testcase classname="TestRunner.runner" name="feature" time="4.153"/>
</testsuite> <!-- TestRunner.runner -->
